{"/Users/kristina/RS-React/react-2025-q3/rs-react-form/src/components/modal/constant.ts": {"path":"/Users/kristina/RS-React/react-2025-q3/rs-react-form/src/components/modal/constant.ts","statementMap":{"0":{"start":{"line":2,"column":2},"end":{"line":2,"column":null}},"1":{"start":{"line":3,"column":23},"end":{"line":3,"column":null}},"2":{"start":{"line":4,"column":23},"end":{"line":4,"column":null}},"3":{"start":{"line":5,"column":24},"end":{"line":5,"column":null}}},"fnMap":{},"branchMap":{},"s":{"0":2,"1":2,"2":2,"3":2},"f":{},"b":{}}
,"/Users/kristina/RS-React/react-2025-q3/rs-react-form/src/components/modal/modal.tsx": {"path":"/Users/kristina/RS-React/react-2025-q3/rs-react-form/src/components/modal/modal.tsx","statementMap":{"0":{"start":{"line":7,"column":21},"end":{"line":11,"column":null}},"1":{"start":{"line":8,"column":13},"end":{"line":8,"column":null}},"2":{"start":{"line":9,"column":2},"end":{"line":9,"column":null}},"3":{"start":{"line":9,"column":11},"end":{"line":9,"column":null}},"4":{"start":{"line":10,"column":2},"end":{"line":10,"column":null}},"5":{"start":{"line":13,"column":14},"end":{"line":99,"column":null}},"6":{"start":{"line":19,"column":19},"end":{"line":19,"column":null}},"7":{"start":{"line":20,"column":25},"end":{"line":20,"column":null}},"8":{"start":{"line":22,"column":2},"end":{"line":65,"column":null}},"9":{"start":{"line":23,"column":4},"end":{"line":23,"column":null}},"10":{"start":{"line":23,"column":15},"end":{"line":23,"column":null}},"11":{"start":{"line":25,"column":4},"end":{"line":29,"column":null}},"12":{"start":{"line":26,"column":6},"end":{"line":26,"column":null}},"13":{"start":{"line":28,"column":6},"end":{"line":28,"column":null}},"14":{"start":{"line":31,"column":22},"end":{"line":52,"column":null}},"15":{"start":{"line":32,"column":6},"end":{"line":51,"column":null}},"16":{"start":{"line":33,"column":8},"end":{"line":33,"column":null}},"17":{"start":{"line":34,"column":8},"end":{"line":34,"column":null}},"18":{"start":{"line":35,"column":6},"end":{"line":51,"column":null}},"19":{"start":{"line":37,"column":10},"end":{"line":37,"column":null}},"20":{"start":{"line":39,"column":8},"end":{"line":39,"column":null}},"21":{"start":{"line":39,"column":50},"end":{"line":39,"column":null}},"22":{"start":{"line":41,"column":22},"end":{"line":41,"column":null}},"23":{"start":{"line":42,"column":21},"end":{"line":42,"column":null}},"24":{"start":{"line":44,"column":8},"end":{"line":50,"column":null}},"25":{"start":{"line":45,"column":10},"end":{"line":45,"column":null}},"26":{"start":{"line":46,"column":10},"end":{"line":46,"column":null}},"27":{"start":{"line":47,"column":8},"end":{"line":50,"column":null}},"28":{"start":{"line":48,"column":10},"end":{"line":48,"column":null}},"29":{"start":{"line":49,"column":10},"end":{"line":49,"column":null}},"30":{"start":{"line":54,"column":4},"end":{"line":54,"column":null}},"31":{"start":{"line":56,"column":25},"end":{"line":56,"column":null}},"32":{"start":{"line":57,"column":4},"end":{"line":57,"column":null}},"33":{"start":{"line":58,"column":4},"end":{"line":58,"column":null}},"34":{"start":{"line":60,"column":4},"end":{"line":64,"column":null}},"35":{"start":{"line":61,"column":6},"end":{"line":61,"column":null}},"36":{"start":{"line":62,"column":6},"end":{"line":62,"column":null}},"37":{"start":{"line":63,"column":6},"end":{"line":63,"column":null}},"38":{"start":{"line":67,"column":2},"end":{"line":67,"column":null}},"39":{"start":{"line":67,"column":13},"end":{"line":67,"column":null}},"40":{"start":{"line":69,"column":2},"end":{"line":98,"column":null}},"41":{"start":{"line":75,"column":8},"end":{"line":75,"column":null}},"42":{"start":{"line":75,"column":42},"end":{"line":75,"column":null}},"43":{"start":{"line":84,"column":28},"end":{"line":84,"column":null}}},"fnMap":{"0":{"name":"(anonymous_0)","decl":{"start":{"line":7,"column":21},"end":{"line":7,"column":27}},"loc":{"start":{"line":7,"column":27},"end":{"line":11,"column":null}}},"1":{"name":"(anonymous_1)","decl":{"start":{"line":13,"column":14},"end":{"line":13,"column":15}},"loc":{"start":{"line":18,"column":18},"end":{"line":99,"column":null}}},"2":{"name":"(anonymous_2)","decl":{"start":{"line":22,"column":12},"end":{"line":22,"column":18}},"loc":{"start":{"line":22,"column":18},"end":{"line":65,"column":5}}},"3":{"name":"(anonymous_3)","decl":{"start":{"line":31,"column":22},"end":{"line":31,"column":23}},"loc":{"start":{"line":31,"column":44},"end":{"line":52,"column":null}}},"4":{"name":"(anonymous_4)","decl":{"start":{"line":60,"column":11},"end":{"line":60,"column":17}},"loc":{"start":{"line":60,"column":17},"end":{"line":64,"column":null}}},"5":{"name":"(anonymous_5)","decl":{"start":{"line":74,"column":19},"end":{"line":74,"column":20}},"loc":{"start":{"line":74,"column":26},"end":{"line":76,"column":null}}},"6":{"name":"(anonymous_6)","decl":{"start":{"line":84,"column":21},"end":{"line":84,"column":22}},"loc":{"start":{"line":84,"column":28},"end":{"line":84,"column":null}}}},"branchMap":{"0":{"loc":{"start":{"line":9,"column":2},"end":{"line":9,"column":null}},"type":"if","locations":[{"start":{"line":9,"column":2},"end":{"line":9,"column":null}},{"start":{},"end":{}}]},"1":{"loc":{"start":{"line":16,"column":2},"end":{"line":16,"column":null}},"type":"default-arg","locations":[{"start":{"line":16,"column":14},"end":{"line":16,"column":null}}]},"2":{"loc":{"start":{"line":23,"column":4},"end":{"line":23,"column":null}},"type":"if","locations":[{"start":{"line":23,"column":4},"end":{"line":23,"column":null}},{"start":{},"end":{}}]},"3":{"loc":{"start":{"line":25,"column":4},"end":{"line":29,"column":null}},"type":"if","locations":[{"start":{"line":25,"column":4},"end":{"line":29,"column":null}},{"start":{"line":27,"column":11},"end":{"line":29,"column":null}}]},"4":{"loc":{"start":{"line":32,"column":6},"end":{"line":51,"column":null}},"type":"if","locations":[{"start":{"line":32,"column":6},"end":{"line":51,"column":null}},{"start":{"line":35,"column":6},"end":{"line":51,"column":null}}]},"5":{"loc":{"start":{"line":35,"column":6},"end":{"line":51,"column":null}},"type":"if","locations":[{"start":{"line":35,"column":6},"end":{"line":51,"column":null}},{"start":{},"end":{}}]},"6":{"loc":{"start":{"line":39,"column":8},"end":{"line":39,"column":null}},"type":"if","locations":[{"start":{"line":39,"column":8},"end":{"line":39,"column":null}},{"start":{},"end":{}}]},"7":{"loc":{"start":{"line":39,"column":12},"end":{"line":39,"column":50}},"type":"binary-expr","locations":[{"start":{"line":39,"column":12},"end":{"line":39,"column":26}},{"start":{"line":39,"column":26},"end":{"line":39,"column":50}}]},"8":{"loc":{"start":{"line":44,"column":8},"end":{"line":50,"column":null}},"type":"if","locations":[{"start":{"line":44,"column":8},"end":{"line":50,"column":null}},{"start":{"line":47,"column":8},"end":{"line":50,"column":null}}]},"9":{"loc":{"start":{"line":44,"column":12},"end":{"line":44,"column":60}},"type":"binary-expr","locations":[{"start":{"line":44,"column":12},"end":{"line":44,"column":47}},{"start":{"line":44,"column":47},"end":{"line":44,"column":60}}]},"10":{"loc":{"start":{"line":47,"column":8},"end":{"line":50,"column":null}},"type":"if","locations":[{"start":{"line":47,"column":8},"end":{"line":50,"column":null}},{"start":{},"end":{}}]},"11":{"loc":{"start":{"line":47,"column":19},"end":{"line":47,"column":67}},"type":"binary-expr","locations":[{"start":{"line":47,"column":19},"end":{"line":47,"column":55}},{"start":{"line":47,"column":55},"end":{"line":47,"column":67}}]},"12":{"loc":{"start":{"line":67,"column":2},"end":{"line":67,"column":null}},"type":"if","locations":[{"start":{"line":67,"column":2},"end":{"line":67,"column":null}},{"start":{},"end":{}}]},"13":{"loc":{"start":{"line":75,"column":8},"end":{"line":75,"column":null}},"type":"if","locations":[{"start":{"line":75,"column":8},"end":{"line":75,"column":null}},{"start":{},"end":{}}]}},"s":{"0":2,"1":4,"2":4,"3":0,"4":4,"5":2,"6":8,"7":8,"8":8,"9":8,"10":4,"11":4,"12":4,"13":0,"14":4,"15":2,"16":2,"17":2,"18":0,"19":0,"20":0,"21":0,"22":0,"23":0,"24":0,"25":0,"26":0,"27":0,"28":0,"29":0,"30":4,"31":4,"32":4,"33":4,"34":4,"35":4,"36":4,"37":4,"38":8,"39":4,"40":4,"41":2,"42":2,"43":0},"f":{"0":4,"1":8,"2":8,"3":2,"4":4,"5":2,"6":0},"b":{"0":[0,4],"1":[2],"2":[4,4],"3":[4,0],"4":[2,0],"5":[0,0],"6":[0,0],"7":[0,0],"8":[0,0],"9":[0,0],"10":[0,0],"11":[0,0],"12":[4,4],"13":[2,0]}}
,"/Users/kristina/RS-React/react-2025-q3/rs-react-form/src/components/react-hook-form/rhf.tsx": {"path":"/Users/kristina/RS-React/react-2025-q3/rs-react-form/src/components/react-hook-form/rhf.tsx","statementMap":{"0":{"start":{"line":9,"column":16},"end":{"line":133,"column":null}},"1":{"start":{"line":10,"column":19},"end":{"line":10,"column":null}},"2":{"start":{"line":16,"column":6},"end":{"line":30,"column":null}},"3":{"start":{"line":32,"column":17},"end":{"line":41,"column":null}},"4":{"start":{"line":33,"column":14},"end":{"line":33,"column":null}},"5":{"start":{"line":34,"column":4},"end":{"line":34,"column":null}},"6":{"start":{"line":34,"column":12},"end":{"line":34,"column":null}},"7":{"start":{"line":35,"column":4},"end":{"line":40,"column":null}},"8":{"start":{"line":36,"column":18},"end":{"line":36,"column":null}},"9":{"start":{"line":37,"column":6},"end":{"line":37,"column":null}},"10":{"start":{"line":39,"column":6},"end":{"line":39,"column":null}},"11":{"start":{"line":39,"column":32},"end":{"line":39,"column":null}},"12":{"start":{"line":43,"column":18},"end":{"line":46,"column":null}},"13":{"start":{"line":44,"column":4},"end":{"line":44,"column":null}},"14":{"start":{"line":45,"column":4},"end":{"line":45,"column":null}},"15":{"start":{"line":48,"column":2},"end":{"line":131,"column":null}}},"fnMap":{"0":{"name":"(anonymous_0)","decl":{"start":{"line":9,"column":16},"end":{"line":9,"column":17}},"loc":{"start":{"line":9,"column":62},"end":{"line":133,"column":null}}},"1":{"name":"(anonymous_1)","decl":{"start":{"line":32,"column":17},"end":{"line":32,"column":24}},"loc":{"start":{"line":32,"column":67},"end":{"line":41,"column":null}}},"2":{"name":"(anonymous_2)","decl":{"start":{"line":43,"column":18},"end":{"line":43,"column":19}},"loc":{"start":{"line":43,"column":42},"end":{"line":46,"column":null}}}},"branchMap":{"0":{"loc":{"start":{"line":34,"column":4},"end":{"line":34,"column":null}},"type":"if","locations":[{"start":{"line":34,"column":4},"end":{"line":34,"column":null}},{"start":{},"end":{}}]},"1":{"loc":{"start":{"line":39,"column":6},"end":{"line":39,"column":null}},"type":"if","locations":[{"start":{"line":39,"column":6},"end":{"line":39,"column":null}},{"start":{},"end":{}}]}},"s":{"0":2,"1":18,"2":18,"3":18,"4":2,"5":2,"6":0,"7":2,"8":2,"9":1,"10":1,"11":1,"12":18,"13":1,"14":1,"15":18},"f":{"0":18,"1":2,"2":1},"b":{"0":[0,2],"1":[1,0]}}
,"/Users/kristina/RS-React/react-2025-q3/rs-react-form/src/components/tile/tile.tsx": {"path":"/Users/kristina/RS-React/react-2025-q3/rs-react-form/src/components/tile/tile.tsx","statementMap":{"0":{"start":{"line":4,"column":13},"end":{"line":24,"column":null}},"1":{"start":{"line":5,"column":2},"end":{"line":22,"column":null}}},"fnMap":{"0":{"name":"(anonymous_0)","decl":{"start":{"line":4,"column":13},"end":{"line":4,"column":14}},"loc":{"start":{"line":4,"column":43},"end":{"line":24,"column":null}}}},"branchMap":{"0":{"loc":{"start":{"line":7,"column":7},"end":{"line":12,"column":null}},"type":"binary-expr","locations":[{"start":{"line":7,"column":7},"end":{"line":7,"column":null}},{"start":{"line":8,"column":8},"end":{"line":12,"column":null}}]}},"s":{"0":2,"1":2},"f":{"0":2},"b":{"0":[2,1]}}
,"/Users/kristina/RS-React/react-2025-q3/rs-react-form/src/components/tilel-list/tile-list.tsx": {"path":"/Users/kristina/RS-React/react-2025-q3/rs-react-form/src/components/tilel-list/tile-list.tsx","statementMap":{"0":{"start":{"line":5,"column":17},"end":{"line":17,"column":null}},"1":{"start":{"line":6,"column":16},"end":{"line":6,"column":null}},"2":{"start":{"line":6,"column":42},"end":{"line":6,"column":58}},"3":{"start":{"line":8,"column":2},"end":{"line":8,"column":null}},"4":{"start":{"line":8,"column":26},"end":{"line":8,"column":null}},"5":{"start":{"line":10,"column":2},"end":{"line":15,"column":null}},"6":{"start":{"line":13,"column":8},"end":{"line":13,"column":null}}},"fnMap":{"0":{"name":"(anonymous_0)","decl":{"start":{"line":5,"column":17},"end":{"line":5,"column":23}},"loc":{"start":{"line":5,"column":23},"end":{"line":17,"column":null}}},"1":{"name":"(anonymous_1)","decl":{"start":{"line":6,"column":31},"end":{"line":6,"column":32}},"loc":{"start":{"line":6,"column":42},"end":{"line":6,"column":58}}},"2":{"name":"(anonymous_2)","decl":{"start":{"line":12,"column":17},"end":{"line":12,"column":18}},"loc":{"start":{"line":13,"column":8},"end":{"line":13,"column":null}}}},"branchMap":{"0":{"loc":{"start":{"line":8,"column":2},"end":{"line":8,"column":null}},"type":"if","locations":[{"start":{"line":8,"column":2},"end":{"line":8,"column":null}},{"start":{},"end":{}}]}},"s":{"0":1,"1":6,"2":8,"3":6,"4":6,"5":0,"6":0},"f":{"0":6,"1":8,"2":0},"b":{"0":[6,0]}}
,"/Users/kristina/RS-React/react-2025-q3/rs-react-form/src/components/uncontrolled-from/ucf.tsx": {"path":"/Users/kristina/RS-React/react-2025-q3/rs-react-form/src/components/uncontrolled-from/ucf.tsx","statementMap":{"0":{"start":{"line":9,"column":25},"end":{"line":148,"column":null}},"1":{"start":{"line":10,"column":18},"end":{"line":10,"column":null}},"2":{"start":{"line":11,"column":30},"end":{"line":11,"column":null}},"3":{"start":{"line":12,"column":19},"end":{"line":12,"column":null}},"4":{"start":{"line":13,"column":23},"end":{"line":71,"column":null}},"5":{"start":{"line":14,"column":4},"end":{"line":14,"column":null}},"6":{"start":{"line":15,"column":4},"end":{"line":15,"column":null}},"7":{"start":{"line":17,"column":4},"end":{"line":17,"column":null}},"8":{"start":{"line":17,"column":26},"end":{"line":17,"column":null}},"9":{"start":{"line":19,"column":15},"end":{"line":19,"column":null}},"10":{"start":{"line":20,"column":16},"end":{"line":29,"column":null}},"11":{"start":{"line":32,"column":17},"end":{"line":32,"column":null}},"12":{"start":{"line":33,"column":4},"end":{"line":45,"column":null}},"13":{"start":{"line":34,"column":6},"end":{"line":44,"column":null}},"14":{"start":{"line":35,"column":8},"end":{"line":35,"column":null}},"15":{"start":{"line":37,"column":8},"end":{"line":42,"column":null}},"16":{"start":{"line":38,"column":10},"end":{"line":41,"column":null}},"17":{"start":{"line":38,"column":31},"end":{"line":41,"column":12}},"18":{"start":{"line":43,"column":8},"end":{"line":43,"column":null}},"19":{"start":{"line":47,"column":4},"end":{"line":70,"column":null}},"20":{"start":{"line":48,"column":36},"end":{"line":51,"column":null}},"21":{"start":{"line":52,"column":6},"end":{"line":52,"column":null}},"22":{"start":{"line":53,"column":6},"end":{"line":53,"column":null}},"23":{"start":{"line":55,"column":50},"end":{"line":55,"column":null}},"24":{"start":{"line":57,"column":6},"end":{"line":68,"column":null}},"25":{"start":{"line":58,"column":8},"end":{"line":65,"column":null}},"26":{"start":{"line":59,"column":10},"end":{"line":62,"column":null}},"27":{"start":{"line":60,"column":12},"end":{"line":61,"column":null}},"28":{"start":{"line":61,"column":14},"end":{"line":61,"column":null}},"29":{"start":{"line":63,"column":8},"end":{"line":65,"column":null}},"30":{"start":{"line":64,"column":10},"end":{"line":64,"column":null}},"31":{"start":{"line":67,"column":8},"end":{"line":67,"column":null}},"32":{"start":{"line":69,"column":6},"end":{"line":69,"column":null}},"33":{"start":{"line":72,"column":2},"end":{"line":146,"column":null}}},"fnMap":{"0":{"name":"(anonymous_0)","decl":{"start":{"line":9,"column":25},"end":{"line":9,"column":26}},"loc":{"start":{"line":9,"column":71},"end":{"line":148,"column":null}}},"1":{"name":"(anonymous_1)","decl":{"start":{"line":13,"column":23},"end":{"line":13,"column":30}},"loc":{"start":{"line":13,"column":70},"end":{"line":71,"column":null}}},"2":{"name":"(anonymous_2)","decl":{"start":{"line":38,"column":20},"end":{"line":38,"column":21}},"loc":{"start":{"line":38,"column":31},"end":{"line":41,"column":12}}}},"branchMap":{"0":{"loc":{"start":{"line":17,"column":4},"end":{"line":17,"column":null}},"type":"if","locations":[{"start":{"line":17,"column":4},"end":{"line":17,"column":null}},{"start":{},"end":{}}]},"1":{"loc":{"start":{"line":21,"column":19},"end":{"line":21,"column":39}},"type":"binary-expr","locations":[{"start":{"line":21,"column":19},"end":{"line":21,"column":37}},{"start":{"line":21,"column":37},"end":{"line":21,"column":39}}]},"2":{"loc":{"start":{"line":22,"column":18},"end":{"line":22,"column":36}},"type":"binary-expr","locations":[{"start":{"line":22,"column":18},"end":{"line":22,"column":35}},{"start":{"line":22,"column":35},"end":{"line":22,"column":36}}]},"3":{"loc":{"start":{"line":23,"column":20},"end":{"line":23,"column":41}},"type":"binary-expr","locations":[{"start":{"line":23,"column":20},"end":{"line":23,"column":39}},{"start":{"line":23,"column":39},"end":{"line":23,"column":41}}]},"4":{"loc":{"start":{"line":24,"column":23},"end":{"line":24,"column":47}},"type":"binary-expr","locations":[{"start":{"line":24,"column":23},"end":{"line":24,"column":45}},{"start":{"line":24,"column":45},"end":{"line":24,"column":47}}]},"5":{"loc":{"start":{"line":25,"column":30},"end":{"line":25,"column":61}},"type":"binary-expr","locations":[{"start":{"line":25,"column":30},"end":{"line":25,"column":59}},{"start":{"line":25,"column":59},"end":{"line":25,"column":61}}]},"6":{"loc":{"start":{"line":28,"column":22},"end":{"line":28,"column":45}},"type":"binary-expr","locations":[{"start":{"line":28,"column":22},"end":{"line":28,"column":43}},{"start":{"line":28,"column":43},"end":{"line":28,"column":45}}]},"7":{"loc":{"start":{"line":33,"column":4},"end":{"line":45,"column":null}},"type":"if","locations":[{"start":{"line":33,"column":4},"end":{"line":45,"column":null}},{"start":{},"end":{}}]},"8":{"loc":{"start":{"line":33,"column":8},"end":{"line":33,"column":43}},"type":"binary-expr","locations":[{"start":{"line":33,"column":8},"end":{"line":33,"column":32}},{"start":{"line":33,"column":32},"end":{"line":33,"column":43}}]},"9":{"loc":{"start":{"line":37,"column":8},"end":{"line":42,"column":null}},"type":"if","locations":[{"start":{"line":37,"column":8},"end":{"line":42,"column":null}},{"start":{},"end":{}}]},"10":{"loc":{"start":{"line":40,"column":21},"end":{"line":40,"column":null}},"type":"binary-expr","locations":[{"start":{"line":40,"column":21},"end":{"line":40,"column":36}},{"start":{"line":40,"column":36},"end":{"line":40,"column":null}}]},"11":{"loc":{"start":{"line":57,"column":6},"end":{"line":68,"column":null}},"type":"if","locations":[{"start":{"line":57,"column":6},"end":{"line":68,"column":null}},{"start":{"line":66,"column":13},"end":{"line":68,"column":null}}]},"12":{"loc":{"start":{"line":58,"column":8},"end":{"line":65,"column":null}},"type":"if","locations":[{"start":{"line":58,"column":8},"end":{"line":65,"column":null}},{"start":{"line":63,"column":8},"end":{"line":65,"column":null}}]},"13":{"loc":{"start":{"line":58,"column":12},"end":{"line":58,"column":43}},"type":"binary-expr","locations":[{"start":{"line":58,"column":12},"end":{"line":58,"column":25}},{"start":{"line":58,"column":25},"end":{"line":58,"column":43}}]},"14":{"loc":{"start":{"line":60,"column":12},"end":{"line":61,"column":null}},"type":"if","locations":[{"start":{"line":60,"column":12},"end":{"line":61,"column":null}},{"start":{},"end":{}}]},"15":{"loc":{"start":{"line":60,"column":16},"end":{"line":60,"column":null}},"type":"binary-expr","locations":[{"start":{"line":60,"column":16},"end":{"line":60,"column":26}},{"start":{"line":60,"column":26},"end":{"line":60,"column":null}}]},"16":{"loc":{"start":{"line":63,"column":8},"end":{"line":65,"column":null}},"type":"if","locations":[{"start":{"line":63,"column":8},"end":{"line":65,"column":null}},{"start":{},"end":{}}]}},"s":{"0":2,"1":8,"2":8,"3":8,"4":8,"5":2,"6":2,"7":2,"8":0,"9":2,"10":2,"11":2,"12":2,"13":0,"14":0,"15":0,"16":0,"17":0,"18":0,"19":2,"20":2,"21":0,"22":0,"23":2,"24":2,"25":2,"26":2,"27":20,"28":16,"29":0,"30":0,"31":0,"32":2,"33":8},"f":{"0":8,"1":2,"2":0},"b":{"0":[0,2],"1":[2,0],"2":[2,0],"3":[2,0],"4":[2,0],"5":[2,0],"6":[2,0],"7":[0,2],"8":[2,2],"9":[0,0],"10":[0,0],"11":[2,0],"12":[2,0],"13":[2,2],"14":[16,4],"15":[20,20],"16":[0,0]}}
,"/Users/kristina/RS-React/react-2025-q3/rs-react-form/src/forms/img.ts": {"path":"/Users/kristina/RS-React/react-2025-q3/rs-react-form/src/forms/img.ts","statementMap":{"0":{"start":{"line":1,"column":21},"end":{"line":8,"column":null}},"1":{"start":{"line":2,"column":2},"end":{"line":3,"column":null}},"2":{"start":{"line":3,"column":4},"end":{"line":3,"column":null}},"3":{"start":{"line":4,"column":2},"end":{"line":4,"column":null}},"4":{"start":{"line":4,"column":39},"end":{"line":4,"column":null}},"5":{"start":{"line":5,"column":14},"end":{"line":5,"column":null}},"6":{"start":{"line":6,"column":14},"end":{"line":6,"column":null}},"7":{"start":{"line":7,"column":2},"end":{"line":7,"column":null}}},"fnMap":{"0":{"name":"(anonymous_0)","decl":{"start":{"line":1,"column":21},"end":{"line":1,"column":28}},"loc":{"start":{"line":1,"column":54},"end":{"line":8,"column":null}}}},"branchMap":{"0":{"loc":{"start":{"line":1,"column":40},"end":{"line":1,"column":54}},"type":"default-arg","locations":[{"start":{"line":1,"column":48},"end":{"line":1,"column":54}}]},"1":{"loc":{"start":{"line":2,"column":2},"end":{"line":3,"column":null}},"type":"if","locations":[{"start":{"line":2,"column":2},"end":{"line":3,"column":null}},{"start":{},"end":{}}]},"2":{"loc":{"start":{"line":4,"column":2},"end":{"line":4,"column":null}},"type":"if","locations":[{"start":{"line":4,"column":2},"end":{"line":4,"column":null}},{"start":{},"end":{}}]}},"s":{"0":4,"1":3,"2":1,"3":2,"4":2,"5":0,"6":0,"7":0},"f":{"0":3},"b":{"0":[2],"1":[1,2],"2":[2,0]}}
,"/Users/kristina/RS-React/react-2025-q3/rs-react-form/src/forms/schema.ts": {"path":"/Users/kristina/RS-React/react-2025-q3/rs-react-form/src/forms/schema.ts","statementMap":{"0":{"start":{"line":3,"column":32},"end":{"line":8,"column":null}},"1":{"start":{"line":3,"column":48},"end":{"line":8,"column":null}},"2":{"start":{"line":10,"column":26},"end":{"line":50,"column":null}},"3":{"start":{"line":18,"column":13},"end":{"line":18,"column":null}},"4":{"start":{"line":32,"column":6},"end":{"line":32,"column":null}},"5":{"start":{"line":32,"column":14},"end":{"line":32,"column":null}},"6":{"start":{"line":33,"column":16},"end":{"line":33,"column":null}},"7":{"start":{"line":34,"column":6},"end":{"line":34,"column":null}}},"fnMap":{"0":{"name":"(anonymous_0)","decl":{"start":{"line":3,"column":32},"end":{"line":3,"column":33}},"loc":{"start":{"line":3,"column":48},"end":{"line":8,"column":null}}},"1":{"name":"(anonymous_1)","decl":{"start":{"line":18,"column":6},"end":{"line":18,"column":7}},"loc":{"start":{"line":18,"column":13},"end":{"line":18,"column":null}}},"2":{"name":"(anonymous_2)","decl":{"start":{"line":31,"column":39},"end":{"line":31,"column":40}},"loc":{"start":{"line":31,"column":46},"end":{"line":35,"column":5}}}},"branchMap":{"0":{"loc":{"start":{"line":18,"column":13},"end":{"line":18,"column":null}},"type":"binary-expr","locations":[{"start":{"line":18,"column":13},"end":{"line":18,"column":20}},{"start":{"line":18,"column":20},"end":{"line":18,"column":null}}]},"1":{"loc":{"start":{"line":32,"column":6},"end":{"line":32,"column":null}},"type":"if","locations":[{"start":{"line":32,"column":6},"end":{"line":32,"column":null}},{"start":{},"end":{}}]},"2":{"loc":{"start":{"line":34,"column":13},"end":{"line":34,"column":null}},"type":"binary-expr","locations":[{"start":{"line":34,"column":13},"end":{"line":34,"column":27}},{"start":{"line":34,"column":27},"end":{"line":34,"column":41}},{"start":{"line":34,"column":41},"end":{"line":34,"column":55}},{"start":{"line":34,"column":55},"end":{"line":34,"column":null}}]}},"s":{"0":3,"1":26,"2":3,"3":50,"4":50,"5":25,"6":25,"7":25},"f":{"0":26,"1":50,"2":50},"b":{"0":[50,47],"1":[25,25],"2":[25,22,22,22]}}
,"/Users/kristina/RS-React/react-2025-q3/rs-react-form/src/hooks/useFormDispatch.ts": {"path":"/Users/kristina/RS-React/react-2025-q3/rs-react-form/src/hooks/useFormDispatch.ts","statementMap":{"0":{"start":{"line":4,"column":30},"end":{"line":4,"column":null}},"1":{"start":{"line":4,"column":36},"end":{"line":4,"column":null}}},"fnMap":{"0":{"name":"(anonymous_0)","decl":{"start":{"line":4,"column":30},"end":{"line":4,"column":36}},"loc":{"start":{"line":4,"column":36},"end":{"line":4,"column":null}}}},"branchMap":{},"s":{"0":3,"1":26},"f":{"0":26},"b":{}}
,"/Users/kristina/RS-React/react-2025-q3/rs-react-form/src/hooks/useFormSelector.ts": {"path":"/Users/kristina/RS-React/react-2025-q3/rs-react-form/src/hooks/useFormSelector.ts","statementMap":{"0":{"start":{"line":4,"column":63},"end":{"line":4,"column":null}}},"fnMap":{},"branchMap":{},"s":{"0":1},"f":{},"b":{}}
,"/Users/kristina/RS-React/react-2025-q3/rs-react-form/src/page/constant.ts": {"path":"/Users/kristina/RS-React/react-2025-q3/rs-react-form/src/page/constant.ts","statementMap":{"0":{"start":{"line":1,"column":19},"end":{"line":1,"column":null}},"1":{"start":{"line":2,"column":19},"end":{"line":2,"column":null}}},"fnMap":{},"branchMap":{},"s":{"0":1,"1":1},"f":{},"b":{}}
,"/Users/kristina/RS-React/react-2025-q3/rs-react-form/src/page/main-page.tsx": {"path":"/Users/kristina/RS-React/react-2025-q3/rs-react-form/src/page/main-page.tsx","statementMap":{"0":{"start":{"line":10,"column":26},"end":{"line":10,"column":null}},"1":{"start":{"line":12,"column":2},"end":{"line":33,"column":null}},"2":{"start":{"line":15,"column":63},"end":{"line":15,"column":77}},"3":{"start":{"line":18,"column":49},"end":{"line":18,"column":63}},"4":{"start":{"line":25,"column":23},"end":{"line":25,"column":null}},"5":{"start":{"line":28,"column":60},"end":{"line":28,"column":75}},"6":{"start":{"line":29,"column":51},"end":{"line":29,"column":66}}},"fnMap":{"0":{"name":"MainPage","decl":{"start":{"line":9,"column":24},"end":{"line":9,"column":35}},"loc":{"start":{"line":9,"column":35},"end":{"line":35,"column":null}}},"1":{"name":"(anonymous_1)","decl":{"start":{"line":15,"column":57},"end":{"line":15,"column":63}},"loc":{"start":{"line":15,"column":63},"end":{"line":15,"column":77}}},"2":{"name":"(anonymous_2)","decl":{"start":{"line":18,"column":43},"end":{"line":18,"column":49}},"loc":{"start":{"line":18,"column":49},"end":{"line":18,"column":63}}},"3":{"name":"(anonymous_3)","decl":{"start":{"line":25,"column":17},"end":{"line":25,"column":23}},"loc":{"start":{"line":25,"column":23},"end":{"line":25,"column":null}}},"4":{"name":"(anonymous_4)","decl":{"start":{"line":28,"column":54},"end":{"line":28,"column":60}},"loc":{"start":{"line":28,"column":60},"end":{"line":28,"column":75}}},"5":{"name":"(anonymous_5)","decl":{"start":{"line":29,"column":45},"end":{"line":29,"column":51}},"loc":{"start":{"line":29,"column":51},"end":{"line":29,"column":66}}}},"branchMap":{"0":{"loc":{"start":{"line":28,"column":9},"end":{"line":28,"column":null}},"type":"binary-expr","locations":[{"start":{"line":28,"column":9},"end":{"line":28,"column":25}},{"start":{"line":28,"column":25},"end":{"line":28,"column":null}}]},"1":{"loc":{"start":{"line":29,"column":9},"end":{"line":29,"column":null}},"type":"binary-expr","locations":[{"start":{"line":29,"column":9},"end":{"line":29,"column":25}},{"start":{"line":29,"column":25},"end":{"line":29,"column":null}}]}},"s":{"0":6,"1":6,"2":1,"3":1,"4":2,"5":0,"6":0},"f":{"0":6,"1":1,"2":1,"3":2,"4":0,"5":0},"b":{"0":[6,1],"1":[6,1]}}
,"/Users/kristina/RS-React/react-2025-q3/rs-react-form/src/store/country-slice.ts": {"path":"/Users/kristina/RS-React/react-2025-q3/rs-react-form/src/store/country-slice.ts","statementMap":{"0":{"start":{"line":4,"column":37},"end":{"line":20,"column":null}},"1":{"start":{"line":22,"column":23},"end":{"line":30,"column":null}},"2":{"start":{"line":27,"column":6},"end":{"line":27,"column":null}},"3":{"start":{"line":32,"column":30},"end":{"line":32,"column":null}}},"fnMap":{"0":{"name":"(anonymous_0)","decl":{"start":{"line":26,"column":4},"end":{"line":26,"column":15}},"loc":{"start":{"line":26,"column":55},"end":{"line":28,"column":null}}}},"branchMap":{},"s":{"0":1,"1":1,"2":0,"3":1},"f":{"0":0},"b":{}}
,"/Users/kristina/RS-React/react-2025-q3/rs-react-form/src/store/form-slice.ts": {"path":"/Users/kristina/RS-React/react-2025-q3/rs-react-form/src/store/form-slice.ts","statementMap":{"0":{"start":{"line":4,"column":32},"end":{"line":6,"column":null}},"1":{"start":{"line":8,"column":18},"end":{"line":21,"column":null}},"2":{"start":{"line":13,"column":19},"end":{"line":17,"column":null}},"3":{"start":{"line":18,"column":6},"end":{"line":18,"column":null}},"4":{"start":{"line":23,"column":27},"end":{"line":23,"column":null}}},"fnMap":{"0":{"name":"(anonymous_0)","decl":{"start":{"line":12,"column":13},"end":{"line":12,"column":14}},"loc":{"start":{"line":12,"column":60},"end":{"line":19,"column":null}}}},"branchMap":{},"s":{"0":4,"1":4,"2":2,"3":2,"4":4},"f":{"0":2},"b":{}}
,"/Users/kristina/RS-React/react-2025-q3/rs-react-form/src/store/store.tsx": {"path":"/Users/kristina/RS-React/react-2025-q3/rs-react-form/src/store/store.tsx","statementMap":{"0":{"start":{"line":5,"column":21},"end":{"line":7,"column":null}}},"fnMap":{},"branchMap":{},"s":{"0":1},"f":{},"b":{}}
}
